<?xml version="1.0" encoding="UTF-8"?>
<!-- Generated by org.testng.reporters.JUnitReportReporter -->
<testsuite hostname="L-PF0VLQ2Y" name="TestNGDemoNike.BaseClass" tests="1" failures="0" timestamp="25 Feb 2019 20:56:52 GMT" time="9.687" errors="0">
  <testcase name="testNGDemo" time="9.687" classname="TestNGDemoNike.BaseClass"/>
</testsuite> <!-- TestNGDemoNike.BaseClass -->
