<?xml version="1.0" encoding="UTF-8"?>
<!-- Generated by org.testng.reporters.JUnitReportReporter -->
<testsuite hostname="L-PF0VLQ2Y" name="TestNGDemoNike.BaseClass" tests="1" failures="0" timestamp="28 Feb 2019 20:07:27 GMT" time="7.274" errors="0">
  <testcase name="testNGDemo" time="7.274" classname="TestNGDemoNike.BaseClass"/>
</testsuite> <!-- TestNGDemoNike.BaseClass -->
