<?xml version="1.0" encoding="UTF-8"?>
<!-- Generated by org.testng.reporters.JUnitReportReporter -->
<testsuite hostname="L-PF0VLQ2Y" name="TestNGDemoNike.HomePage" tests="1" failures="0" timestamp="25 Feb 2019 02:38:11 GMT" time="0.003" errors="0">
  <testcase name="testCase1" time="0.003" classname="TestNGDemoNike.HomePage"/>
</testsuite> <!-- TestNGDemoNike.HomePage -->
